# JRE version: OpenJDK Runtime Environment Temurin-21.0.10+7 (21.0.10+7) (build 21.0.10+7-LTS)
# Java VM: OpenJDK 64-Bit Server VM Temurin-21.0.10+7 (21.0.10+7-LTS, mixed mode, sharing, tiered, compressed oops, compressed class ptrs, parallel gc, windows-amd64)
GC Precious Log:
 CardTable entry size: 512
 CPUs: 12 total, 12 available
 Memory: 16106M
 Large Page Support: Disabled
 NUMA Support: Disabled
 Compressed Oops: Enabled (32-bit)
 Alignments: Space 512K, Generation 512K, Heap 2M
 Heap Min Capacity: 100M
 Heap Initial Capacity: 100M
 Heap Max Capacity: 2G
 Pre-touch: Disabled
 Parallel Workers: 10
Heap:
 PSYoungGen      total 9216K, used 5085K [0x00000000d5580000, 0x00000000d6180000, 0x0000000100000000)
  eden space 7168K, 45% used [0x00000000d5580000,0x00000000d58aa288,0x00000000d5c80000)
  from space 2048K, 90% used [0x00000000d5f80000,0x00000000d614d210,0x00000000d6180000)
  to   space 2048K, 0% used [0x00000000d5d80000,0x00000000d5d80000,0x00000000d5f80000)
 ParOldGen       total 961024K, used 960714K [0x0000000080000000, 0x00000000baa80000, 0x00000000d5580000)
  object space 961024K, 99% used [0x0000000080000000,0x00000000baa32920,0x00000000baa80000)
 Metaspace       used 82764K, committed 84480K, reserved 1179648K
  class space    used 8505K, committed 9280K, reserved 1048576K
GC Heap History (20 events):
Event: 5761.324 GC heap before
{Heap before GC invocations=1719 (full 4):
 PSYoungGen      total 10240K, used 9856K [0x00000000d5580000, 0x00000000d6580000, 0x0000000100000000)
  eden space 9216K, 100% used [0x00000000d5580000,0x00000000d5e80000,0x00000000d5e80000)
  from space 1024K, 62% used [0x00000000d6480000,0x00000000d65200a8,0x00000000d6580000)
  to   space 1024K, 0% used [0x00000000d6380000,0x00000000d6380000,0x00000000d6480000)
 ParOldGen       total 946688K, used 946443K [0x0000000080000000, 0x00000000b9c80000, 0x00000000d5580000)
  object space 946688K, 99% used [0x0000000080000000,0x00000000b9c42f08,0x00000000b9c80000)
 Metaspace       used 82731K, committed 84416K, reserved 1179648K
  class space    used 8505K, committed 9280K, reserved 1048576K
}
Event: 5761.326 GC heap after
{Heap after GC invocations=1719 (full 4):
 PSYoungGen      total 10240K, used 332K [0x00000000d5580000, 0x00000000d6500000, 0x0000000100000000)
  eden space 9216K, 0% used [0x00000000d5580000,0x00000000d5580000,0x00000000d5e80000)
  from space 1024K, 32% used [0x00000000d6380000,0x00000000d63d3138,0x00000000d6480000)
  to   space 512K, 0% used [0x00000000d6480000,0x00000000d6480000,0x00000000d6500000)
 ParOldGen       total 947200K, used 946971K [0x0000000080000000, 0x00000000b9d00000, 0x00000000d5580000)
  object space 947200K, 99% used [0x0000000080000000,0x00000000b9cc6ce0,0x00000000b9d00000)
 Metaspace       used 82731K, committed 84416K, reserved 1179648K
  class space    used 8505K, committed 9280K, reserved 1048576K
}
Event: 5761.349 GC heap before
{Heap before GC invocations=1720 (full 4):
 PSYoungGen      total 10240K, used 9548K [0x00000000d5580000, 0x00000000d6500000, 0x0000000100000000)
  eden space 9216K, 100% used [0x00000000d5580000,0x00000000d5e80000,0x00000000d5e80000)
  from space 1024K, 32% used [0x00000000d6380000,0x00000000d63d3138,0x00000000d6480000)
  to   space 512K, 0% used [0x00000000d6480000,0x00000000d6480000,0x00000000d6500000)
 ParOldGen       total 947200K, used 946971K [0x0000000080000000, 0x00000000b9d00000, 0x00000000d5580000)
  object space 947200K, 99% used [0x0000000080000000,0x00000000b9cc6ce0,0x00000000b9d00000)
 Metaspace       used 82739K, committed 84416K, reserved 1179648K
  class space    used 8505K, committed 9280K, reserved 1048576K
}
Event: 5761.353 GC heap after
{Heap after GC invocations=1720 (full 4):
 PSYoungGen      total 9728K, used 505K [0x00000000d5580000, 0x00000000d6500000, 0x0000000100000000)
  eden space 9216K, 0% used [0x00000000d5580000,0x00000000d5580000,0x00000000d5e80000)
  from space 512K, 98% used [0x00000000d6480000,0x00000000d64fe6c0,0x00000000d6500000)
  to   space 3072K, 0% used [0x00000000d5f00000,0x00000000d5f00000,0x00000000d6200000)
 ParOldGen       total 949248K, used 948909K [0x0000000080000000, 0x00000000b9f00000, 0x00000000d5580000)
  object space 949248K, 99% used [0x0000000080000000,0x00000000b9eab4d0,0x00000000b9f00000)
 Metaspace       used 82739K, committed 84416K, reserved 1179648K
  class space    used 8505K, committed 9280K, reserved 1048576K
}
Event: 5761.375 GC heap before
{Heap before GC invocations=1721 (full 4):
 PSYoungGen      total 9728K, used 9721K [0x00000000d5580000, 0x00000000d6500000, 0x0000000100000000)
  eden space 9216K, 100% used [0x00000000d5580000,0x00000000d5e80000,0x00000000d5e80000)
  from space 512K, 98% used [0x00000000d6480000,0x00000000d64fe6c0,0x00000000d6500000)
  to   space 3072K, 0% used [0x00000000d5f00000,0x00000000d5f00000,0x00000000d6200000)
 ParOldGen       total 949248K, used 948909K [0x0000000080000000, 0x00000000b9f00000, 0x00000000d5580000)
  object space 949248K, 99% used [0x0000000080000000,0x00000000b9eab4d0,0x00000000b9f00000)
 Metaspace       used 82741K, committed 84416K, reserved 1179648K
  class space    used 8505K, committed 9280K, reserved 1048576K
}
Event: 5761.377 GC heap after
{Heap after GC invocations=1721 (full 4):
 PSYoungGen      total 12288K, used 2606K [0x00000000d5580000, 0x00000000d6500000, 0x0000000100000000)
  eden space 9216K, 0% used [0x00000000d5580000,0x00000000d5580000,0x00000000d5e80000)
  from space 3072K, 84% used [0x00000000d5f00000,0x00000000d618b958,0x00000000d6200000)
  to   space 3072K, 0% used [0x00000000d6200000,0x00000000d6200000,0x00000000d6500000)
 ParOldGen       total 949760K, used 949400K [0x0000000080000000, 0x00000000b9f80000, 0x00000000d5580000)
  object space 949760K, 99% used [0x0000000080000000,0x00000000b9f260e0,0x00000000b9f80000)
 Metaspace       used 82741K, committed 84416K, reserved 1179648K
  class space    used 8505K, committed 9280K, reserved 1048576K
}
Event: 5761.391 GC heap before
{Heap before GC invocations=1722 (full 4):
 PSYoungGen      total 12288K, used 11822K [0x00000000d5580000, 0x00000000d6500000, 0x0000000100000000)
  eden space 9216K, 100% used [0x00000000d5580000,0x00000000d5e80000,0x00000000d5e80000)
  from space 3072K, 84% used [0x00000000d5f00000,0x00000000d618b958,0x00000000d6200000)
  to   space 3072K, 0% used [0x00000000d6200000,0x00000000d6200000,0x00000000d6500000)
 ParOldGen       total 949760K, used 949400K [0x0000000080000000, 0x00000000b9f80000, 0x00000000d5580000)
  object space 949760K, 99% used [0x0000000080000000,0x00000000b9f260e0,0x00000000b9f80000)
 Metaspace       used 82741K, committed 84416K, reserved 1179648K
  class space    used 8505K, committed 9280K, reserved 1048576K
}
Event: 5761.395 GC heap after
{Heap after GC invocations=1722 (full 4):
 PSYoungGen      total 10240K, used 814K [0x00000000d5580000, 0x00000000d6300000, 0x0000000100000000)
  eden space 9216K, 0% used [0x00000000d5580000,0x00000000d5580000,0x00000000d5e80000)
  from space 1024K, 79% used [0x00000000d6200000,0x00000000d62cb9f0,0x00000000d6300000)
  to   space 1536K, 0% used [0x00000000d6000000,0x00000000d6000000,0x00000000d6180000)
 ParOldGen       total 952320K, used 951814K [0x0000000080000000, 0x00000000ba200000, 0x00000000d5580000)
  object space 952320K, 99% used [0x0000000080000000,0x00000000ba181b40,0x00000000ba200000)
 Metaspace       used 82741K, committed 84416K, reserved 1179648K
  class space    used 8505K, committed 9280K, reserved 1048576K
}
Event: 5761.409 GC heap before
{Heap before GC invocations=1723 (full 4):
 PSYoungGen      total 10240K, used 10030K [0x00000000d5580000, 0x00000000d6300000, 0x0000000100000000)
  eden space 9216K, 100% used [0x00000000d5580000,0x00000000d5e80000,0x00000000d5e80000)
  from space 1024K, 79% used [0x00000000d6200000,0x00000000d62cb9f0,0x00000000d6300000)
  to   space 1536K, 0% used [0x00000000d6000000,0x00000000d6000000,0x00000000d6180000)
 ParOldGen       total 952320K, used 951814K [0x0000000080000000, 0x00000000ba200000, 0x00000000d5580000)
  object space 952320K, 99% used [0x0000000080000000,0x00000000ba181b40,0x00000000ba200000)
 Metaspace       used 82741K, committed 84416K, reserved 1179648K
  class space    used 8505K, committed 9280K, reserved 1048576K
}
Event: 5761.410 GC heap after
{Heap after GC invocations=1723 (full 4):
 PSYoungGen      total 10752K, used 256K [0x00000000d5580000, 0x00000000d6280000, 0x0000000100000000)
  eden space 9216K, 0% used [0x00000000d5580000,0x00000000d5580000,0x00000000d5e80000)
  from space 1536K, 16% used [0x00000000d6000000,0x00000000d6040000,0x00000000d6180000)
  to   space 1024K, 0% used [0x00000000d6180000,0x00000000d6180000,0x00000000d6280000)
 ParOldGen       total 952832K, used 952428K [0x0000000080000000, 0x00000000ba280000, 0x00000000d5580000)
  object space 952832K, 99% used [0x0000000080000000,0x00000000ba21b198,0x00000000ba280000)
 Metaspace       used 82741K, committed 84416K, reserved 1179648K
  class space    used 8505K, committed 9280K, reserved 1048576K
}
Event: 5761.431 GC heap before
{Heap before GC invocations=1724 (full 4):
 PSYoungGen      total 10752K, used 9472K [0x00000000d5580000, 0x00000000d6280000, 0x0000000100000000)
  eden space 9216K, 100% used [0x00000000d5580000,0x00000000d5e80000,0x00000000d5e80000)
  from space 1536K, 16% used [0x00000000d6000000,0x00000000d6040000,0x00000000d6180000)
  to   space 1024K, 0% used [0x00000000d6180000,0x00000000d6180000,0x00000000d6280000)
 ParOldGen       total 952832K, used 952428K [0x0000000080000000, 0x00000000ba280000, 0x00000000d5580000)
  object space 952832K, 99% used [0x0000000080000000,0x00000000ba21b198,0x00000000ba280000)
 Metaspace       used 82741K, committed 84416K, reserved 1179648K
  class space    used 8505K, committed 9280K, reserved 1048576K
}
Event: 5761.434 GC heap after
{Heap after GC invocations=1724 (full 4):
 PSYoungGen      total 8192K, used 997K [0x00000000d5580000, 0x00000000d6880000, 0x0000000100000000)
  eden space 7168K, 0% used [0x00000000d5580000,0x00000000d5580000,0x00000000d5c80000)
  from space 1024K, 97% used [0x00000000d6180000,0x00000000d62797b8,0x00000000d6280000)
  to   space 5120K, 0% used [0x00000000d5c80000,0x00000000d5c80000,0x00000000d6180000)
 ParOldGen       total 955904K, used 955539K [0x0000000080000000, 0x00000000ba580000, 0x00000000d5580000)
  object space 955904K, 99% used [0x0000000080000000,0x00000000ba524f98,0x00000000ba580000)
 Metaspace       used 82741K, committed 84416K, reserved 1179648K
  class space    used 8505K, committed 9280K, reserved 1048576K
}
Event: 5761.455 GC heap before
{Heap before GC invocations=1725 (full 4):
 PSYoungGen      total 8192K, used 8165K [0x00000000d5580000, 0x00000000d6880000, 0x0000000100000000)
  eden space 7168K, 100% used [0x00000000d5580000,0x00000000d5c80000,0x00000000d5c80000)
  from space 1024K, 97% used [0x00000000d6180000,0x00000000d62797b8,0x00000000d6280000)
  to   space 5120K, 0% used [0x00000000d5c80000,0x00000000d5c80000,0x00000000d6180000)
 ParOldGen       total 955904K, used 955539K [0x0000000080000000, 0x00000000ba580000, 0x00000000d5580000)
  object space 955904K, 99% used [0x0000000080000000,0x00000000ba524f98,0x00000000ba580000)
 Metaspace       used 82745K, committed 84416K, reserved 1179648K
  class space    used 8505K, committed 9280K, reserved 1048576K
}
Event: 5761.457 GC heap after
{Heap after GC invocations=1725 (full 4):
 PSYoungGen      total 9216K, used 1843K [0x00000000d5580000, 0x00000000d6280000, 0x0000000100000000)
  eden space 7168K, 0% used [0x00000000d5580000,0x00000000d5580000,0x00000000d5c80000)
  from space 2048K, 90% used [0x00000000d5c80000,0x00000000d5e4cd10,0x00000000d5e80000)
  to   space 3072K, 0% used [0x00000000d5f80000,0x00000000d5f80000,0x00000000d6280000)
 ParOldGen       total 956928K, used 956566K [0x0000000080000000, 0x00000000ba680000, 0x00000000d5580000)
  object space 956928K, 99% used [0x0000000080000000,0x00000000ba625890,0x00000000ba680000)
 Metaspace       used 82745K, committed 84416K, reserved 1179648K
  class space    used 8505K, committed 9280K, reserved 1048576K
}
Event: 5761.475 GC heap before
{Heap before GC invocations=1726 (full 4):
 PSYoungGen      total 9216K, used 9011K [0x00000000d5580000, 0x00000000d6280000, 0x0000000100000000)
  eden space 7168K, 100% used [0x00000000d5580000,0x00000000d5c80000,0x00000000d5c80000)
  from space 2048K, 90% used [0x00000000d5c80000,0x00000000d5e4cd10,0x00000000d5e80000)
  to   space 3072K, 0% used [0x00000000d5f80000,0x00000000d5f80000,0x00000000d6280000)
 ParOldGen       total 956928K, used 956566K [0x0000000080000000, 0x00000000ba680000, 0x00000000d5580000)
  object space 956928K, 99% used [0x0000000080000000,0x00000000ba625890,0x00000000ba680000)
 Metaspace       used 82748K, committed 84480K, reserved 1179648K
  class space    used 8505K, committed 9280K, reserved 1048576K
}
Event: 5761.477 GC heap after
{Heap after GC invocations=1726 (full 4):
 PSYoungGen      total 9728K, used 2176K [0x00000000d5580000, 0x00000000d6200000, 0x0000000100000000)
  eden space 7168K, 0% used [0x00000000d5580000,0x00000000d5580000,0x00000000d5c80000)
  from space 2560K, 85% used [0x00000000d5f80000,0x00000000d61a0010,0x00000000d6200000)
  to   space 2560K, 0% used [0x00000000d5d00000,0x00000000d5d00000,0x00000000d5f80000)
 ParOldGen       total 956928K, used 956775K [0x0000000080000000, 0x00000000ba680000, 0x00000000d5580000)
  object space 956928K, 99% used [0x0000000080000000,0x00000000ba659c90,0x00000000ba680000)
 Metaspace       used 82748K, committed 84480K, reserved 1179648K
  class space    used 8505K, committed 9280K, reserved 1048576K
}
Event: 5761.490 GC heap before
{Heap before GC invocations=1727 (full 4):
 PSYoungGen      total 9728K, used 9344K [0x00000000d5580000, 0x00000000d6200000, 0x0000000100000000)
  eden space 7168K, 100% used [0x00000000d5580000,0x00000000d5c80000,0x00000000d5c80000)
  from space 2560K, 85% used [0x00000000d5f80000,0x00000000d61a0010,0x00000000d6200000)
  to   space 2560K, 0% used [0x00000000d5d00000,0x00000000d5d00000,0x00000000d5f80000)
 ParOldGen       total 956928K, used 956775K [0x0000000080000000, 0x00000000ba680000, 0x00000000d5580000)
  object space 956928K, 99% used [0x0000000080000000,0x00000000ba659c90,0x00000000ba680000)
 Metaspace       used 82752K, committed 84480K, reserved 1179648K
  class space    used 8505K, committed 9280K, reserved 1048576K
}
Event: 5761.493 GC heap after
{Heap after GC invocations=1727 (full 4):
 PSYoungGen      total 9728K, used 2074K [0x00000000d5580000, 0x00000000d6180000, 0x0000000100000000)
  eden space 7168K, 0% used [0x00000000d5580000,0x00000000d5580000,0x00000000d5c80000)
  from space 2560K, 81% used [0x00000000d5d00000,0x00000000d5f06910,0x00000000d5f80000)
  to   space 2048K, 0% used [0x00000000d5f80000,0x00000000d5f80000,0x00000000d6180000)
 ParOldGen       total 958976K, used 958837K [0x0000000080000000, 0x00000000ba880000, 0x00000000d5580000)
  object space 958976K, 99% used [0x0000000080000000,0x00000000ba85d710,0x00000000ba880000)
 Metaspace       used 82752K, committed 84480K, reserved 1179648K
  class space    used 8505K, committed 9280K, reserved 1048576K
}
Event: 5761.522 GC heap before
{Heap before GC invocations=1728 (full 4):
 PSYoungGen      total 9728K, used 9242K [0x00000000d5580000, 0x00000000d6180000, 0x0000000100000000)
  eden space 7168K, 100% used [0x00000000d5580000,0x00000000d5c80000,0x00000000d5c80000)
  from space 2560K, 81% used [0x00000000d5d00000,0x00000000d5f06910,0x00000000d5f80000)
  to   space 2048K, 0% used [0x00000000d5f80000,0x00000000d5f80000,0x00000000d6180000)
 ParOldGen       total 958976K, used 958837K [0x0000000080000000, 0x00000000ba880000, 0x00000000d5580000)
  object space 958976K, 99% used [0x0000000080000000,0x00000000ba85d710,0x00000000ba880000)
 Metaspace       used 82758K, committed 84480K, reserved 1179648K
  class space    used 8505K, committed 9280K, reserved 1048576K
}
Event: 5761.526 GC heap after
{Heap after GC invocations=1728 (full 4):
 PSYoungGen      total 9216K, used 1844K [0x00000000d5580000, 0x00000000d6180000, 0x0000000100000000)
  eden space 7168K, 0% used [0x00000000d5580000,0x00000000d5580000,0x00000000d5c80000)
  from space 2048K, 90% used [0x00000000d5f80000,0x00000000d614d210,0x00000000d6180000)
  to   space 2048K, 0% used [0x00000000d5d80000,0x00000000d5d80000,0x00000000d5f80000)
 ParOldGen       total 961024K, used 960714K [0x0000000080000000, 0x00000000baa80000, 0x00000000d5580000)
  object space 961024K, 99% used [0x0000000080000000,0x00000000baa32920,0x00000000baa80000)
 Metaspace       used 82758K, committed 84480K, reserved 1179648K
  class space    used 8505K, committed 9280K, reserved 1048576K
}

