# JRE version: Java(TM) SE Runtime Environment (21.0.9+7) (build 21.0.9+7-LTS-338)
# Java VM: Java HotSpot(TM) 64-Bit Server VM (21.0.9+7-LTS-338, mixed mode, sharing, tiered, compressed oops, compressed class ptrs, g1 gc, windows-amd64)
GC Precious Log:
 CardTable entry size: 512
 Card Set container configuration: InlinePtr #cards 4 size 8 Array Of Cards #cards 16 size 48 Howl #buckets 8 coarsen threshold 3686 Howl Bitmap #cards 512 size 80 coarsen threshold 460 Card regions per heap region 1 cards per card region 4096
 CPUs: 12 total, 12 available
 Memory: 16106M
 Large Page Support: Disabled
 NUMA Support: Disabled
 Compressed Oops: Enabled (Zero based)
 Heap Region Size: 2M
 Heap Min Capacity: 8M
 Heap Initial Capacity: 252M
 Heap Max Capacity: 4028M
 Pre-touch: Disabled
 Parallel Workers: 10
 Concurrent Workers: 3
 Concurrent Refinement Workers: 10
 Periodic GC: Disabled
Heap:
 garbage-first heap   total 258048K, used 115839K [0x0000000704400000, 0x0000000800000000)
  region size 2048K, 40 young (81920K), 10 survivors (20480K)
 Metaspace       used 19058K, committed 19392K, reserved 1114112K
  class space    used 2044K, committed 2176K, reserved 1048576K
GC Heap History (6 events):
Event: 1.425 GC heap before
{Heap before GC invocations=0 (full 0):
 garbage-first heap   total 258048K, used 22528K [0x0000000704400000, 0x0000000800000000)
  region size 2048K, 11 young (22528K), 0 survivors (0K)
 Metaspace       used 6264K, committed 6400K, reserved 1114112K
  class space    used 702K, committed 768K, reserved 1048576K
}
Event: 1.452 GC heap after
{Heap after GC invocations=1 (full 0):
 garbage-first heap   total 258048K, used 4007K [0x0000000704400000, 0x0000000800000000)
  region size 2048K, 2 young (4096K), 2 survivors (4096K)
 Metaspace       used 6264K, committed 6400K, reserved 1114112K
  class space    used 702K, committed 768K, reserved 1048576K
}
Event: 2.657 GC heap before
{Heap before GC invocations=1 (full 0):
 garbage-first heap   total 258048K, used 34727K [0x0000000704400000, 0x0000000800000000)
  region size 2048K, 17 young (34816K), 2 survivors (4096K)
 Metaspace       used 10014K, committed 10240K, reserved 1114112K
  class space    used 1162K, committed 1280K, reserved 1048576K
}
Event: 2.662 GC heap after
{Heap after GC invocations=2 (full 0):
 garbage-first heap   total 258048K, used 5764K [0x0000000704400000, 0x0000000800000000)
  region size 2048K, 1 young (2048K), 1 survivors (2048K)
 Metaspace       used 10014K, committed 10240K, reserved 1114112K
  class space    used 1162K, committed 1280K, reserved 1048576K
}
Event: 9.406 GC heap before
{Heap before GC invocations=2 (full 0):
 garbage-first heap   total 258048K, used 157316K [0x0000000704400000, 0x0000000800000000)
  region size 2048K, 75 young (153600K), 1 survivors (2048K)
 Metaspace       used 17026K, committed 17344K, reserved 1114112K
  class space    used 1862K, committed 1984K, reserved 1048576K
}
Event: 9.429 GC heap after
{Heap after GC invocations=3 (full 0):
 garbage-first heap   total 258048K, used 23679K [0x0000000704400000, 0x0000000800000000)
  region size 2048K, 10 young (20480K), 10 survivors (20480K)
 Metaspace       used 17026K, committed 17344K, reserved 1114112K
  class space    used 1862K, committed 1984K, reserved 1048576K
}

